0: proc(load, L10, 0). proc(load, L10, 0). proc(load, L10, 0). L10 -> 0. 
1: proc(load, L10, 0). proc(load, L10, 0). proc(incr, L10, 0). L10 -> 0. 
2: proc(load, L10, 0). proc(incr, L10, 0). proc(incr, L10, 0). L10 -> 0. 
3: proc(load, L10, 0). proc(load, L10, 0). proc(store, L10, 1). L10 -> 0. 
4: proc(incr, L10, 0). proc(incr, L10, 0). proc(incr, L10, 0). L10 -> 0. 
5: proc(load, L10, 0). proc(incr, L10, 0). proc(store, L10, 1). L10 -> 0. 
6: proc(incr, L10, 0). proc(incr, L10, 0). proc(store, L10, 1). L10 -> 0. 
7: proc(incr, L10, 0). proc(store, L10, 1). proc(store, L10, 1). L10 -> 0. 
8: proc(incr, L10, 0). proc(incr, L10, 0). proc(halt, L10, 1). L10 -> 1. 
9: proc(store, L10, 1). proc(store, L10, 1). proc(store, L10, 1). L10 -> 0. 
10: proc(incr, L10, 0). proc(store, L10, 1). proc(halt, L10, 1). L10 -> 1. 
11: proc(store, L10, 1). proc(store, L10, 1). proc(halt, L10, 1). L10 -> 1. 
12: proc(store, L10, 1). proc(halt, L10, 1). proc(halt, L10, 1). L10 -> 1. 
13: proc(halt, L10, 1). proc(halt, L10, 1). proc(halt, L10, 1). L10 -> 1. 
14: proc(incr, L10, 0). proc(halt, L10, 1). proc(halt, L10, 1). L10 -> 1. 
15: proc(load, L10, 0). proc(store, L10, 1). proc(store, L10, 1). L10 -> 0. 
16: proc(load, L10, 0). proc(incr, L10, 0). proc(halt, L10, 1). L10 -> 1. 
17: proc(load, L10, 0). proc(store, L10, 1). proc(halt, L10, 1). L10 -> 1. 
18: proc(incr, L10, 1). proc(store, L10, 1). proc(halt, L10, 1). L10 -> 1. 
19: proc(load, L10, 0). proc(halt, L10, 1). proc(halt, L10, 1). L10 -> 1. 
20: proc(store, L10, 2). proc(store, L10, 1). proc(halt, L10, 1). L10 -> 1. 
21: proc(incr, L10, 1). proc(halt, L10, 1). proc(halt, L10, 1). L10 -> 1. 
22: proc(store, L10, 2). proc(halt, L10, 1). proc(halt, L10, 1). L10 -> 1. 
23: proc(halt, L10, 2). proc(halt, L10, 1). proc(halt, L10, 1). L10 -> 2. 
24: proc(incr, L10, 1). proc(incr, L10, 0). proc(halt, L10, 1). L10 -> 1. 
25: proc(load, L10, 0). proc(load, L10, 0). proc(halt, L10, 1). L10 -> 1. 
26: proc(load, L10, 0). proc(incr, L10, 1). proc(halt, L10, 1). L10 -> 1. 
27: proc(incr, L10, 1). proc(incr, L10, 1). proc(halt, L10, 1). L10 -> 1. 
28: proc(load, L10, 0). proc(store, L10, 2). proc(halt, L10, 1). L10 -> 1. 
29: proc(incr, L10, 1). proc(store, L10, 2). proc(halt, L10, 1). L10 -> 1. 
30: proc(store, L10, 2). proc(store, L10, 2). proc(halt, L10, 1). L10 -> 1. 
31: proc(incr, L10, 1). proc(halt, L10, 2). proc(halt, L10, 1). L10 -> 2. 
32: proc(store, L10, 2). proc(halt, L10, 2). proc(halt, L10, 1). L10 -> 2. 
33: proc(halt, L10, 2). proc(halt, L10, 2). proc(halt, L10, 1). L10 -> 2. 
34: proc(load, L10, 0). proc(halt, L10, 2). proc(halt, L10, 1). L10 -> 2. 
35: proc(incr, L10, 2). proc(halt, L10, 2). proc(halt, L10, 1). L10 -> 2. 
36: proc(store, L10, 3). proc(halt, L10, 2). proc(halt, L10, 1). L10 -> 2. 
37: proc(halt, L10, 3). proc(halt, L10, 2). proc(halt, L10, 1). L10 -> 3. 
State(s):
0: proc(load, L10, 0). proc(load, L10, 0). proc(load, L10, 0). L10 -> 0. 
1: proc(load, L10, 0). proc(load, L10, 0). proc(incr, L10, 0). L10 -> 0. 
2: proc(load, L10, 0). proc(incr, L10, 0). proc(incr, L10, 0). L10 -> 0. 
3: proc(load, L10, 0). proc(load, L10, 0). proc(store, L10, 1). L10 -> 0. 
4: proc(incr, L10, 0). proc(incr, L10, 0). proc(incr, L10, 0). L10 -> 0. 
5: proc(load, L10, 0). proc(incr, L10, 0). proc(store, L10, 1). L10 -> 0. 
6: proc(incr, L10, 0). proc(incr, L10, 0). proc(store, L10, 1). L10 -> 0. 
7: proc(incr, L10, 0). proc(store, L10, 1). proc(store, L10, 1). L10 -> 0. 
8: proc(incr, L10, 0). proc(incr, L10, 0). proc(halt, L10, 1). L10 -> 1. 
9: proc(store, L10, 1). proc(store, L10, 1). proc(store, L10, 1). L10 -> 0. 
10: proc(incr, L10, 0). proc(store, L10, 1). proc(halt, L10, 1). L10 -> 1. 
11: proc(store, L10, 1). proc(store, L10, 1). proc(halt, L10, 1). L10 -> 1. 
12: proc(store, L10, 1). proc(halt, L10, 1). proc(halt, L10, 1). L10 -> 1. 
13: proc(halt, L10, 1). proc(halt, L10, 1). proc(halt, L10, 1). L10 -> 1. 
14: proc(incr, L10, 0). proc(halt, L10, 1). proc(halt, L10, 1). L10 -> 1. 
15: proc(load, L10, 0). proc(store, L10, 1). proc(store, L10, 1). L10 -> 0. 
16: proc(load, L10, 0). proc(incr, L10, 0). proc(halt, L10, 1). L10 -> 1. 
17: proc(load, L10, 0). proc(store, L10, 1). proc(halt, L10, 1). L10 -> 1. 
18: proc(incr, L10, 1). proc(store, L10, 1). proc(halt, L10, 1). L10 -> 1. 
19: proc(load, L10, 0). proc(halt, L10, 1). proc(halt, L10, 1). L10 -> 1. 
20: proc(store, L10, 2). proc(store, L10, 1). proc(halt, L10, 1). L10 -> 1. 
21: proc(incr, L10, 1). proc(halt, L10, 1). proc(halt, L10, 1). L10 -> 1. 
22: proc(store, L10, 2). proc(halt, L10, 1). proc(halt, L10, 1). L10 -> 1. 
23: proc(halt, L10, 2). proc(halt, L10, 1). proc(halt, L10, 1). L10 -> 2. 
24: proc(incr, L10, 1). proc(incr, L10, 0). proc(halt, L10, 1). L10 -> 1. 
25: proc(load, L10, 0). proc(load, L10, 0). proc(halt, L10, 1). L10 -> 1. 
26: proc(load, L10, 0). proc(incr, L10, 1). proc(halt, L10, 1). L10 -> 1. 
27: proc(incr, L10, 1). proc(incr, L10, 1). proc(halt, L10, 1). L10 -> 1. 
28: proc(load, L10, 0). proc(store, L10, 2). proc(halt, L10, 1). L10 -> 1. 
29: proc(incr, L10, 1). proc(store, L10, 2). proc(halt, L10, 1). L10 -> 1. 
30: proc(store, L10, 2). proc(store, L10, 2). proc(halt, L10, 1). L10 -> 1. 
31: proc(incr, L10, 1). proc(halt, L10, 2). proc(halt, L10, 1). L10 -> 2. 
32: proc(store, L10, 2). proc(halt, L10, 2). proc(halt, L10, 1). L10 -> 2. 
33: proc(halt, L10, 2). proc(halt, L10, 2). proc(halt, L10, 1). L10 -> 2. 
34: proc(load, L10, 0). proc(halt, L10, 2). proc(halt, L10, 1). L10 -> 2. 
35: proc(incr, L10, 2). proc(halt, L10, 2). proc(halt, L10, 1). L10 -> 2. 
36: proc(store, L10, 3). proc(halt, L10, 2). proc(halt, L10, 1). L10 -> 2. 
37: proc(halt, L10, 3). proc(halt, L10, 2). proc(halt, L10, 1). L10 -> 3. 

Terminal state(s):
13: proc(halt, L10, 1). proc(halt, L10, 1). proc(halt, L10, 1). L10 -> 1. 
23: proc(halt, L10, 2). proc(halt, L10, 1). proc(halt, L10, 1). L10 -> 2. 
33: proc(halt, L10, 2). proc(halt, L10, 2). proc(halt, L10, 1). L10 -> 2. 
37: proc(halt, L10, 3). proc(halt, L10, 2). proc(halt, L10, 1). L10 -> 3. 

Transiton(s):
0 ~> 1 with a rule "load".
1 ~> 2 with a rule "load".
1 ~> 3 with a rule "incr".
2 ~> 4 with a rule "load".
2 ~> 5 with a rule "incr".
4 ~> 6 with a rule "incr".
6 ~> 7 with a rule "incr".
6 ~> 8 with a rule "store".
7 ~> 9 with a rule "incr".
7 ~> 10 with a rule "store".
9 ~> 11 with a rule "store".
11 ~> 12 with a rule "store".
12 ~> 13 with a rule "store".
10 ~> 11 with a rule "incr".
10 ~> 14 with a rule "store".
14 ~> 12 with a rule "incr".
8 ~> 10 with a rule "incr".
5 ~> 6 with a rule "load".
5 ~> 15 with a rule "incr".
5 ~> 16 with a rule "store".
15 ~> 7 with a rule "load".
15 ~> 17 with a rule "store".
17 ~> 18 with a rule "load".
17 ~> 19 with a rule "store".
18 ~> 20 with a rule "incr".
18 ~> 21 with a rule "store".
20 ~> 22 with a rule "store".
22 ~> 23 with a rule "store".
21 ~> 22 with a rule "incr".
19 ~> 21 with a rule "load".
16 ~> 24 with a rule "load".
16 ~> 17 with a rule "incr".
24 ~> 18 with a rule "incr".
3 ~> 5 with a rule "load".
3 ~> 25 with a rule "store".
25 ~> 26 with a rule "load".
26 ~> 27 with a rule "load".
26 ~> 28 with a rule "incr".
27 ~> 29 with a rule "incr".
29 ~> 30 with a rule "incr".
29 ~> 31 with a rule "store".
30 ~> 32 with a rule "store".
32 ~> 33 with a rule "store".
31 ~> 32 with a rule "incr".
28 ~> 29 with a rule "load".
28 ~> 34 with a rule "store".
34 ~> 35 with a rule "load".
35 ~> 36 with a rule "incr".
36 ~> 37 with a rule "store".

'# of States'(stored)  = 38.
'# of States'(end)     = 4.
'# of Transitions'     = 49.
